app/build/intermediates/manifest_merge_blame_file/debug/manifest-merger-blame-debug-report.txt
1<?xml version="1.0" encoding="utf-8"?>
2<manifest xmlns:android="http://schemas.android.com/apk/res/android"
3    package="com.lqd.androidpractice"
4    android:versionCode="1"
5    android:versionName="1.0" >
6
7    <uses-sdk
8        android:minSdkVersion="21"
8-->src/main/AndroidManifest.xml
9        android:targetSdkVersion="28" />
9-->src/main/AndroidManifest.xml
10
11    <uses-permission android:name="android.permission.READ_EXTERNAL_STORAGE" />
11-->src/main/AndroidManifest.xml:6:5-80
11-->src/main/AndroidManifest.xml:6:22-77
12    <uses-permission android:name="android.permission.WRITE_EXTERNAL_STORAGE" />
12-->src/main/AndroidManifest.xml:7:5-81
12-->src/main/AndroidManifest.xml:7:22-78
13    <uses-permission android:name="android.permission.RECORD_AUDIO" />
13-->src/main/AndroidManifest.xml:8:5-71
13-->src/main/AndroidManifest.xml:8:22-68
14    <uses-permission android:name="android.permission.SYSTEM_ALERT_WINDOW" />
14-->src/main/AndroidManifest.xml:9:5-78
14-->src/main/AndroidManifest.xml:9:22-75
15
16    <application
16-->src/main/AndroidManifest.xml:11:5-62:19
17        android:name="com.lqd.androidpractice.LQDApplication"
17-->src/main/AndroidManifest.xml:12:9-39
18        android:allowBackup="true"
18-->src/main/AndroidManifest.xml:13:9-35
19        android:appComponentFactory="androidx.core.app.CoreComponentFactory"
19-->[androidx.core:core:1.3.1] AndroidManifest.xml:24:18-86
20        android:debuggable="true"
21        android:hardwareAccelerated="true"
21-->src/main/AndroidManifest.xml:14:9-43
22        android:icon="@mipmap/ic_launcher"
22-->src/main/AndroidManifest.xml:15:9-43
23        android:label="@string/app_name"
23-->src/main/AndroidManifest.xml:16:9-41
24        android:roundIcon="@mipmap/ic_launcher_round"
24-->src/main/AndroidManifest.xml:17:9-54
25        android:supportsRtl="true"
25-->src/main/AndroidManifest.xml:18:9-35
26        android:theme="@style/AppTheme" >
26-->src/main/AndroidManifest.xml:19:9-40
27        <activity
27-->src/main/AndroidManifest.xml:21:9-23:39
28            android:name="com.lqd.androidpractice.rx.RxJavaDemoActivity"
28-->src/main/AndroidManifest.xml:22:13-50
29            android:exported="true" />
29-->src/main/AndroidManifest.xml:23:13-36
30        <activity android:name="com.lqd.androidpractice.recyclerview.diffutil.DiffUtilDemoActivity" />
30-->src/main/AndroidManifest.xml:24:9-80
30-->src/main/AndroidManifest.xml:24:19-77
31        <activity android:name="com.lqd.androidpractice.recyclerview.PoolTestActivity" />
31-->src/main/AndroidManifest.xml:25:9-67
31-->src/main/AndroidManifest.xml:25:19-64
32        <activity android:name="com.lqd.androidpractice.recyclerview.RecyclerviewTestActivity" />
32-->src/main/AndroidManifest.xml:26:9-75
32-->src/main/AndroidManifest.xml:26:19-72
33        <activity android:name="com.lqd.androidpractice.activity.ContentProviderTestActivity" />
33-->src/main/AndroidManifest.xml:27:9-74
33-->src/main/AndroidManifest.xml:27:19-71
34        <activity
34-->src/main/AndroidManifest.xml:28:9-36:20
35            android:name="com.lqd.androidpractice.MainActivity"
35-->src/main/AndroidManifest.xml:29:13-41
36            android:configChanges="orientation|screenSize" >
36-->src/main/AndroidManifest.xml:30:13-59
37            <intent-filter>
37-->src/main/AndroidManifest.xml:31:13-35:29
38                <action android:name="android.intent.action.MAIN" />
38-->src/main/AndroidManifest.xml:32:17-69
38-->src/main/AndroidManifest.xml:32:25-66
39
40                <category android:name="android.intent.category.LAUNCHER" />
40-->src/main/AndroidManifest.xml:34:17-77
40-->src/main/AndroidManifest.xml:34:27-74
41            </intent-filter>
42        </activity>
43        <activity android:name="com.lqd.androidpractice.KotlinTestActivity" />
43-->src/main/AndroidManifest.xml:37:9-56
43-->src/main/AndroidManifest.xml:37:19-53
44        <activity android:name="com.lqd.androidpractice.activity.JetpackActivity" />
44-->src/main/AndroidManifest.xml:38:9-62
44-->src/main/AndroidManifest.xml:38:19-59
45        <activity android:name="com.lqd.androidpractice.lifecycle.LaunchActivity4" />
45-->src/main/AndroidManifest.xml:39:9-63
45-->src/main/AndroidManifest.xml:39:19-60
46        <activity android:name="com.lqd.androidpractice.lifecycle.LaunchActivity3" />
46-->src/main/AndroidManifest.xml:40:9-63
46-->src/main/AndroidManifest.xml:40:19-60
47        <activity
47-->src/main/AndroidManifest.xml:41:9-43:47
48            android:name="com.lqd.androidpractice.lifecycle.LaunchActivity2"
48-->src/main/AndroidManifest.xml:42:13-54
49            android:launchMode="singleTask" />
49-->src/main/AndroidManifest.xml:43:13-44
50        <activity android:name="com.lqd.androidpractice.lifecycle.LaunchActivity1" />
50-->src/main/AndroidManifest.xml:44:9-63
50-->src/main/AndroidManifest.xml:44:19-60
51        <activity android:name="com.lqd.androidpractice.handler.HandlerActivity" />
51-->src/main/AndroidManifest.xml:45:9-61
51-->src/main/AndroidManifest.xml:45:19-58
52        <activity android:name="com.lqd.androidpractice.oom.innerclass.OOMInnerClassActivity" />
52-->src/main/AndroidManifest.xml:46:9-74
52-->src/main/AndroidManifest.xml:46:19-71
53        <activity android:name="com.lqd.androidpractice.oom.handler.OOMHandlerActivity" />
53-->src/main/AndroidManifest.xml:47:9-68
53-->src/main/AndroidManifest.xml:47:19-65
54        <activity android:name="com.lqd.androidpractice.oom.handler.OOMHandlerRightActivity" />
54-->src/main/AndroidManifest.xml:48:9-73
54-->src/main/AndroidManifest.xml:48:19-70
55
56        <provider
56-->src/main/AndroidManifest.xml:50:9-52:84
57            android:name="com.lqd.androidpractice.provider.UsersProvider"
57-->src/main/AndroidManifest.xml:51:13-51
58            android:authorities="com.lqd.androidpractice.provider.UsersProvider" />
58-->src/main/AndroidManifest.xml:52:13-81
59        <provider
60            android:name="androidx.core.content.FileProvider"
60-->src/main/AndroidManifest.xml:54:13-62
61            android:authorities="com.lqd.androidpractice.provider"
61-->src/main/AndroidManifest.xml:55:13-60
62            android:exported="false"
62-->src/main/AndroidManifest.xml:56:13-37
63            android:grantUriPermissions="true" >
63-->src/main/AndroidManifest.xml:57:13-47
64            <meta-data
64-->src/main/AndroidManifest.xml:58:13-60:54
65                android:name="android.support.FILE_PROVIDER_PATHS"
65-->src/main/AndroidManifest.xml:59:17-67
66                android:resource="@xml/file_paths" />
66-->src/main/AndroidManifest.xml:60:17-51
67        </provider>
68        <provider
68-->[androidx.lifecycle:lifecycle-process:2.2.0] AndroidManifest.xml:25:9-29:43
69            android:name="androidx.lifecycle.ProcessLifecycleOwnerInitializer"
69-->[androidx.lifecycle:lifecycle-process:2.2.0] AndroidManifest.xml:26:13-79
70            android:authorities="com.lqd.androidpractice.lifecycle-process"
70-->[androidx.lifecycle:lifecycle-process:2.2.0] AndroidManifest.xml:27:13-69
71            android:exported="false"
71-->[androidx.lifecycle:lifecycle-process:2.2.0] AndroidManifest.xml:28:13-37
72            android:multiprocess="true" />
72-->[androidx.lifecycle:lifecycle-process:2.2.0] AndroidManifest.xml:29:13-40
73    </application>
74
75</manifest>